#
# There is insufficient memory for the Java Runtime Environment to continue.
# Native memory allocation (mmap) failed to map 67108864 bytes for G1 virtual space
# Possible reasons:
#   The system is out of physical RAM or swap space
#   The process is running with CompressedOops enabled, and the Java Heap may be blocking the growth of the native heap
# Possible solutions:
#   Reduce memory load on the system
#   Increase physical memory or swap space
#   Check if swap backing store is full
#   Decrease Java heap size (-Xmx/-Xms)
#   Decrease number of Java threads
#   Decrease Java thread stack sizes (-Xss)
#   Set larger code cache with -XX:ReservedCodeCacheSize=
#   JVM is running with Unscaled Compressed Oops mode in which the Java heap is
#     placed in the first 4GB address space. The Java Heap base address is the
#     maximum limit for the native heap growth. Please use -XX:HeapBaseMinAddress
#     to set the Java Heap base and to place the Java Heap above 4GB virtual address.
# This output file may be truncated or incomplete.
#
#  Out of Memory Error (os_windows.cpp:3541), pid=21220, tid=17444
#
# JRE version:  (17.0.4.1+1) (build )
# Java VM: OpenJDK 64-Bit Server VM (17.0.4.1+1, mixed mode, sharing, tiered, compressed oops, compressed class ptrs, g1 gc, windows-amd64)
# No core dump will be written. Minidumps are not enabled by default on client versions of Windows
#

---------------  S U M M A R Y ------------

Command Line: -XX:+ShowCodeDetailsInExceptionMessages homessfood.Aplicacao

Host: Intel(R) Core(TM) i3-6006U CPU @ 2.00GHz, 4 cores, 3G,  Windows 10 , 64 bit Build 19041 (10.0.19041.1889)
Time: Mon Oct 31 18:25:02 2022 Hora oficial do Brasil elapsed time: 0.028933 seconds (0d 0h 0m 0s)

---------------  T H R E A D  ---------------

Current thread (0x0000017466cf2ac0):  JavaThread "Unknown thread" [_thread_in_vm, id=17444, stack(0x0000000ae0200000,0x0000000ae0300000)]

Stack: [0x0000000ae0200000,0x0000000ae0300000]
Native frames: (J=compiled Java code, j=interpreted, Vv=VM code, C=native code)
V  [jvm.dll+0x67731a]
V  [jvm.dll+0x832284]
V  [jvm.dll+0x833a2e]
V  [jvm.dll+0x834093]
V  [jvm.dll+0x245775]
V  [jvm.dll+0x674209]
V  [jvm.dll+0x668a92]
V  [jvm.dll+0x30471b]
V  [jvm.dll+0x30bc66]
V  [jvm.dll+0x35ba9e]
V  [jvm.dll+0x35bccf]
V  [jvm.dll+0x2db5b8]
V  [jvm.dll+0x2dc524]
V  [jvm.dll+0x803db1]
V  [jvm.dll+0x3698f1]
V  [jvm.dll+0x7e31bc]
V  [jvm.dll+0x3ec25f]
V  [jvm.dll+0x3edde1]
C  [jli.dll+0x5277]
C  [ucrtbase.dll+0x21bb2]
C  [KERNEL32.DLL+0x17034]
C  [ntdll.dll+0x526a1]


---------------  P R O C E S S  ---------------

Threads class SMR info:
_java_thread_list=0x00007ff8c6c04e98, length=0, elements={
}

Java Threads: ( => current thread )

Other Threads:
  0x0000017466d2f280 GCTaskThread "GC Thread#0" [stack: 0x0000000ae0300000,0x0000000ae0400000] [id=20832]
  0x0000017466d37ed0 ConcurrentGCThread "G1 Main Marker" [stack: 0x0000000ae0400000,0x0000000ae0500000] [id=16036]
  0x0000017466d39080 ConcurrentGCThread "G1 Conc#0" [stack: 0x0000000ae0500000,0x0000000ae0600000] [id=1944]

[error occurred during error reporting (printing all threads), id 0xc0000005, EXCEPTION_ACCESS_VIOLATION (0xc0000005) at pc=0x00007ff8c63dc047]

VM state: not at safepoint (not fully initialized)

VM Mutex/Monitor currently owned by a thread:  ([mutex/lock_event])
[0x0000017466cedea0] Heap_lock - owner thread: 0x0000017466cf2ac0

Heap address: 0x00000000c1e00000, size: 994 MB, Compressed Oops mode: 32-bit

CDS archive(s) mapped at: [0x0000000000000000-0x0000000000000000-0x0000000000000000), size 0, SharedBaseAddress: 0x0000000800000000, ArchiveRelocationMode: 0.
Narrow klass base: 0x0000000000000000, Narrow klass shift: 0, Narrow klass range: 0x0

GC Precious Log:
<Empty>

Heap:
 garbage-first heap   total 0K, used 0K [0x00000000c1e00000, 0x0000000100000000)
  region size 1024K, 0 young (0K), 0 survivors (0K)

[error occurred during error reporting (printing heap information), id 0xc0000005, EXCEPTION_ACCESS_VIOLATION (0xc0000005) at pc=0x00007ff8c67c0699]

GC Heap History (0 events):
No events

Deoptimization events (0 events):
No events

Classes unloaded (0 events):
No events

Classes redefined (0 events):
No events

Internal exceptions (0 events):
No events

VM Operations (0 events):
No events

Events (1 events):
Event: 0.011 Loaded shared library C:\Users\Rayssa\.vscode\extensions\redhat.java-1.12.0-win32-x64\jre\17.0.4.1-win32-x86_64\bin\java.dll


Dynamic libraries:
0x00007ff7f11f0000 - 0x00007ff7f11fe000 	C:\Users\Rayssa\.vscode\extensions\redhat.java-1.12.0-win32-x64\jre\17.0.4.1-win32-x86_64\bin\java.exe
0x00007ff933550000 - 0x00007ff933748000 	C:\Windows\SYSTEM32\ntdll.dll
0x00007ff91b610000 - 0x00007ff91b627000 	C:\Program Files\Avast Software\Avast\aswhook.dll
0x00007ff932be0000 - 0x00007ff932c9d000 	C:\Windows\System32\KERNEL32.DLL
0x00007ff930c60000 - 0x00007ff930f32000 	C:\Windows\System32\KERNELBASE.dll
0x00007ff9313e0000 - 0x00007ff9314e0000 	C:\Windows\System32\ucrtbase.dll
0x00007ff90c4f0000 - 0x00007ff90c509000 	C:\Users\Rayssa\.vscode\extensions\redhat.java-1.12.0-win32-x64\jre\17.0.4.1-win32-x86_64\bin\VCRUNTIME140.dll
0x00007ff91afc0000 - 0x00007ff91afd8000 	C:\Users\Rayssa\.vscode\extensions\redhat.java-1.12.0-win32-x64\jre\17.0.4.1-win32-x86_64\bin\jli.dll
0x00007ff931bc0000 - 0x00007ff931d5d000 	C:\Windows\System32\USER32.dll
0x00007ff926110000 - 0x00007ff9263aa000 	C:\Windows\WinSxS\amd64_microsoft.windows.common-controls_6595b64144ccf1df_6.0.19041.1110_none_60b5254171f9507e\COMCTL32.dll
0x00007ff931580000 - 0x00007ff9315a2000 	C:\Windows\System32\win32u.dll
0x00007ff9332a0000 - 0x00007ff93333e000 	C:\Windows\System32\msvcrt.dll
0x00007ff933200000 - 0x00007ff93322b000 	C:\Windows\System32\GDI32.dll
0x00007ff931190000 - 0x00007ff93129f000 	C:\Windows\System32\gdi32full.dll
0x00007ff9314e0000 - 0x00007ff93157d000 	C:\Windows\System32\msvcp_win.dll
0x00007ff932950000 - 0x00007ff932980000 	C:\Windows\System32\IMM32.DLL
0x00007ff91f720000 - 0x00007ff91f72c000 	C:\Users\Rayssa\.vscode\extensions\redhat.java-1.12.0-win32-x64\jre\17.0.4.1-win32-x86_64\bin\vcruntime140_1.dll
0x00007ff8f60f0000 - 0x00007ff8f6181000 	C:\Users\Rayssa\.vscode\extensions\redhat.java-1.12.0-win32-x64\jre\17.0.4.1-win32-x86_64\bin\msvcp140.dll
0x00007ff8c60f0000 - 0x00007ff8c6d36000 	C:\Users\Rayssa\.vscode\extensions\redhat.java-1.12.0-win32-x64\jre\17.0.4.1-win32-x86_64\bin\server\jvm.dll
0x00007ff932a50000 - 0x00007ff932afe000 	C:\Windows\System32\ADVAPI32.dll
0x00007ff933470000 - 0x00007ff93350c000 	C:\Windows\System32\sechost.dll
0x00007ff933340000 - 0x00007ff933465000 	C:\Windows\System32\RPCRT4.dll
0x00007ff932bd0000 - 0x00007ff932bd8000 	C:\Windows\System32\PSAPI.DLL
0x00007ff926500000 - 0x00007ff926509000 	C:\Windows\SYSTEM32\WSOCK32.dll
0x00007ff925f30000 - 0x00007ff925f57000 	C:\Windows\SYSTEM32\WINMM.dll
0x00007ff92af10000 - 0x00007ff92af1a000 	C:\Windows\SYSTEM32\VERSION.dll
0x00007ff933230000 - 0x00007ff93329b000 	C:\Windows\System32\WS2_32.dll
0x00007ff92eb20000 - 0x00007ff92eb32000 	C:\Windows\SYSTEM32\kernel.appcore.dll
0x00007ff91bda0000 - 0x00007ff91bdaa000 	C:\Users\Rayssa\.vscode\extensions\redhat.java-1.12.0-win32-x64\jre\17.0.4.1-win32-x86_64\bin\jimage.dll
0x00007ff928e00000 - 0x00007ff928fe4000 	C:\Windows\SYSTEM32\DBGHELP.DLL
0x00007ff928ad0000 - 0x00007ff928afc000 	C:\Windows\SYSTEM32\dbgcore.DLL
0x00007ff931350000 - 0x00007ff9313d2000 	C:\Windows\System32\bcryptPrimitives.dll
0x00007ff9002d0000 - 0x00007ff9002f5000 	C:\Users\Rayssa\.vscode\extensions\redhat.java-1.12.0-win32-x64\jre\17.0.4.1-win32-x86_64\bin\java.dll

dbghelp: loaded successfully - version: 4.0.5 - missing functions: none
symbol engine: initialized successfully - sym options: 0x614 - pdb path: .;C:\Users\Rayssa\.vscode\extensions\redhat.java-1.12.0-win32-x64\jre\17.0.4.1-win32-x86_64\bin;C:\Windows\SYSTEM32;C:\Program Files\Avast Software\Avast;C:\Windows\WinSxS\amd64_microsoft.windows.common-controls_6595b64144ccf1df_6.0.19041.1110_none_60b5254171f9507e;C:\Users\Rayssa\.vscode\extensions\redhat.java-1.12.0-win32-x64\jre\17.0.4.1-win32-x86_64\bin\server

VM Arguments:
jvm_args: -XX:+ShowCodeDetailsInExceptionMessages 
java_command: homessfood.Aplicacao
java_class_path (initial): C:\Users\Rayssa\Documents\Homes-Food\HomessFood\app\bin\main;C:\Users\Rayssa\.gradle\caches\modules-2\files-2.1\com.google.guava\guava\30.1.1-jre\87e0fd1df874ea3cbe577702fe6f17068b790fd8\guava-30.1.1-jre.jar;C:\Users\Rayssa\.gradle\caches\modules-2\files-2.1\com.google.guava\failureaccess\1.0.1\1dcf1de382a0bf95a3d8b0849546c88bac1292c9\failureaccess-1.0.1.jar;C:\Users\Rayssa\.gradle\caches\modules-2\files-2.1\com.google.guava\listenablefuture\9999.0-empty-to-avoid-conflict-with-guava\b421526c5f297295adef1c886e5246c39d4ac629\listenablefuture-9999.0-empty-to-avoid-conflict-with-guava.jar;C:\Users\Rayssa\.gradle\caches\modules-2\files-2.1\com.google.code.findbugs\jsr305\3.0.2\25ea2e8b0c338a877313bd4672d3fe056ea78f0d\jsr305-3.0.2.jar;C:\Users\Rayssa\.gradle\caches\modules-2\files-2.1\org.checkerframework\checker-qual\3.8.0\6b83e4a33220272c3a08991498ba9dc09519f190\checker-qual-3.8.0.jar;C:\Users\Rayssa\.gradle\caches\modules-2\files-2.1\com.google.errorprone\error_prone_annotations\2.5.1\562d366678b89ce5d6b6b82c1a073880341e3fba\error_prone_annotations-2.5.1.jar;C:\Users\Rayssa\.gradle\caches\modules-2\files-2.1\com.google.j2objc\j2objc-annotations\1.3\ba035118bc8bac37d7eff77700720999acd9986d\j2objc-annotations-1.3.jar
Launcher Type: SUN_STANDARD

[Global flags]
     intx CICompilerCount                          = 3                                         {product} {ergonomic}
     uint ConcGCThreads                            = 1                                         {product} {ergonomic}
     uint G1ConcRefinementThreads                  = 4                                         {product} {ergonomic}
   size_t G1HeapRegionSize                         = 1048576                                   {product} {ergonomic}
    uintx GCDrainStackTargetSize                   = 64                                        {product} {ergonomic}
   size_t InitialHeapSize                          = 67108864                                  {product} {ergonomic}
   size_t MarkStackSize                            = 4194304                                   {product} {ergonomic}
   size_t MaxHeapSize                              = 1042284544                                {product} {ergonomic}
   size_t MinHeapDeltaBytes                        = 1048576                                   {product} {ergonomic}
   size_t MinHeapSize                              = 8388608                                   {product} {ergonomic}
    uintx NonNMethodCodeHeapSize                   = 5832780                                {pd product} {ergonomic}
    uintx NonProfiledCodeHeapSize                  = 122912730                              {pd product} {ergonomic}
    uintx ProfiledCodeHeapSize                     = 122912730                              {pd product} {ergonomic}
    uintx ReservedCodeCacheSize                    = 251658240                              {pd product} {ergonomic}
     bool SegmentedCodeCache                       = true                                      {product} {ergonomic}
     bool ShowCodeDetailsInExceptionMessages       = true                                   {manageable} {command line}
   size_t SoftMaxHeapSize                          = 1042284544                             {manageable} {ergonomic}
     bool UseCompressedClassPointers               = true                           {product lp64_product} {ergonomic}
     bool UseCompressedOops                        = true                           {product lp64_product} {ergonomic}
     bool UseG1GC                                  = true                                      {product} {ergonomic}
     bool UseLargePagesIndividualAllocation        = false                                  {pd product} {ergonomic}

Logging:
Log output configuration:
 #0: stdout all=warning uptime,level,tags
 #1: stderr all=off uptime,level,tags

Environment Variables:
JAVA_HOME=C:\Program Files\JAVA\zulu17.30.15-ca-jdk17.0.1-win_x64
PATH=C:\Program Files\Common Files\Oracle\Java\javapath;C:\Program Files\JAVA\zulu17.30.15-ca-jdk17.0.1-win_x64\bin;C:\Windows\system32;C:\Windows;C:\Windows\System32\Wbem;C:\Windows\System32\WindowsPowerShell\v1.0\;C:\Windows\System32\OpenSSH\;C:\Program Files\nodejs\;C:\Program Files\JAVA\jdk-17.0.2\bin;C:\Program Files\Git\cmd;C:\Users\Rayssa\AppData\Local\Programs\Python\Python310\Scripts\;C:\Users\Rayssa\AppData\Local\Programs\Python\Python310\;C:\Users\Rayssa\AppData\Local\Microsoft\WindowsApps;C:\Users\Rayssa\AppData\Local\Programs\Microsoft VS Code\bin;C:\Users\Rayssa\AppData\Roaming\npm;C:\Program Files\JAVA\zulu17.30.15-ca-jdk17.0.1-win_x64\bin;C:\Users\Rayssa\AppData\Local\GitHubDesktop\bin;C:\Program Files (x86)\Brackets\;C:\MinGW\64bits\MinGW-8.1.0\mingw64\bin;C:\MinGW\64bits\MinGW-4.8.5\mingw64\bin;C:\MinGW\32bits\MinGW-8.1.0\mingw32\bin;C:\MinGW\bin;
USERNAME=Rayssa
LANG=pt_BR.UTF-8
OS=Windows_NT
PROCESSOR_IDENTIFIER=Intel64 Family 6 Model 78 Stepping 3, GenuineIntel
TMP=C:\Users\Rayssa\AppData\Local\Temp
TEMP=C:\Users\Rayssa\AppData\Local\Temp



---------------  S Y S T E M  ---------------

OS:
 Windows 10 , 64 bit Build 19041 (10.0.19041.1889)
OS uptime: 11 days 17:12 hours

CPU: total 4 (initial active 4) (2 cores per cpu, 2 threads per core) family 6 model 78 stepping 3 microcode 0xcc, cx8, cmov, fxsr, ht, mmx, 3dnowpref, sse, sse2, sse3, ssse3, sse4.1, sse4.2, popcnt, lzcnt, tsc, tscinvbit, avx, avx2, aes, erms, clmul, bmi1, bmi2, adx, fma, vzeroupper, clflush, clflushopt

Memory: 4k page, system-wide physical 3974M (279M free)
TotalPageFile size 16262M (AvailPageFile size 47M)
current process WorkingSet (physical memory assigned to process): 10M, peak: 10M
current process commit charge ("private bytes"): 51M, peak: 115M

vm_info: OpenJDK 64-Bit Server VM (17.0.4.1+1) for windows-amd64 JRE (17.0.4.1+1), built on Aug 17 2022 07:42:43 by "temurin" with MS VC++ 16.7 (VS2019)

END.
